

Started GET "/" for ::1 at 2015-03-04 13:00:28 -0500

ActiveRecord::NoDatabaseError (Unknown database 'craigslist_item_tracker_development'):
  activerecord (4.2.0) lib/active_record/connection_adapters/mysql2_adapter.rb:23:in `rescue in mysql2_connection'
  activerecord (4.2.0) lib/active_record/connection_adapters/mysql2_adapter.rb:10:in `mysql2_connection'
  activerecord (4.2.0) lib/active_record/connection_adapters/abstract/connection_pool.rb:436:in `new_connection'
  activerecord (4.2.0) lib/active_record/connection_adapters/abstract/connection_pool.rb:446:in `checkout_new_connection'
  activerecord (4.2.0) lib/active_record/connection_adapters/abstract/connection_pool.rb:422:in `acquire_connection'
  activerecord (4.2.0) lib/active_record/connection_adapters/abstract/connection_pool.rb:349:in `block in checkout'
  /Users/MGCFI/.rvm/rubies/ruby-2.2.0-preview2/lib/ruby/2.2.0/monitor.rb:211:in `mon_synchronize'
  activerecord (4.2.0) lib/active_record/connection_adapters/abstract/connection_pool.rb:348:in `checkout'
  activerecord (4.2.0) lib/active_record/connection_adapters/abstract/connection_pool.rb:263:in `block in connection'
  /Users/MGCFI/.rvm/rubies/ruby-2.2.0-preview2/lib/ruby/2.2.0/monitor.rb:211:in `mon_synchronize'
  activerecord (4.2.0) lib/active_record/connection_adapters/abstract/connection_pool.rb:262:in `connection'
  activerecord (4.2.0) lib/active_record/connection_adapters/abstract/connection_pool.rb:565:in `retrieve_connection'
  activerecord (4.2.0) lib/active_record/connection_handling.rb:113:in `retrieve_connection'
  activerecord (4.2.0) lib/active_record/connection_handling.rb:87:in `connection'
  activerecord (4.2.0) lib/active_record/migration.rb:384:in `connection'
  activerecord (4.2.0) lib/active_record/migration.rb:371:in `call'
  actionpack (4.2.0) lib/action_dispatch/middleware/callbacks.rb:29:in `block in call'
  activesupport (4.2.0) lib/active_support/callbacks.rb:88:in `call'
  activesupport (4.2.0) lib/active_support/callbacks.rb:88:in `_run_callbacks'
  activesupport (4.2.0) lib/active_support/callbacks.rb:734:in `_run_call_callbacks'
  activesupport (4.2.0) lib/active_support/callbacks.rb:81:in `run_callbacks'
  actionpack (4.2.0) lib/action_dispatch/middleware/callbacks.rb:27:in `call'
  actionpack (4.2.0) lib/action_dispatch/middleware/reloader.rb:73:in `call'
  actionpack (4.2.0) lib/action_dispatch/middleware/remote_ip.rb:78:in `call'
  actionpack (4.2.0) lib/action_dispatch/middleware/debug_exceptions.rb:17:in `call'
  web-console (2.1.0) lib/web_console/middleware.rb:37:in `call'
  actionpack (4.2.0) lib/action_dispatch/middleware/show_exceptions.rb:30:in `call'
  railties (4.2.0) lib/rails/rack/logger.rb:38:in `call_app'
  railties (4.2.0) lib/rails/rack/logger.rb:20:in `block in call'
  activesupport (4.2.0) lib/active_support/tagged_logging.rb:68:in `block in tagged'
  activesupport (4.2.0) lib/active_support/tagged_logging.rb:26:in `tagged'
  activesupport (4.2.0) lib/active_support/tagged_logging.rb:68:in `tagged'
  railties (4.2.0) lib/rails/rack/logger.rb:20:in `call'
  quiet_assets (1.1.0) lib/quiet_assets.rb:27:in `call_with_quiet_assets'
  actionpack (4.2.0) lib/action_dispatch/middleware/request_id.rb:21:in `call'
  rack (1.6.0) lib/rack/methodoverride.rb:22:in `call'
  rack (1.6.0) lib/rack/runtime.rb:18:in `call'
  activesupport (4.2.0) lib/active_support/cache/strategy/local_cache_middleware.rb:28:in `call'
  rack (1.6.0) lib/rack/lock.rb:17:in `call'
  actionpack (4.2.0) lib/action_dispatch/middleware/static.rb:113:in `call'
  rack (1.6.0) lib/rack/sendfile.rb:113:in `call'
  railties (4.2.0) lib/rails/engine.rb:518:in `call'
  railties (4.2.0) lib/rails/application.rb:164:in `call'
  rack (1.6.0) lib/rack/lock.rb:17:in `call'
  rack (1.6.0) lib/rack/content_length.rb:15:in `call'
  rack (1.6.0) lib/rack/handler/webrick.rb:89:in `service'
  /Users/MGCFI/.rvm/rubies/ruby-2.2.0-preview2/lib/ruby/2.2.0/webrick/httpserver.rb:138:in `service'
  /Users/MGCFI/.rvm/rubies/ruby-2.2.0-preview2/lib/ruby/2.2.0/webrick/httpserver.rb:94:in `run'
  /Users/MGCFI/.rvm/rubies/ruby-2.2.0-preview2/lib/ruby/2.2.0/webrick/server.rb:294:in `block in start_thread'


  Rendered /Users/MGCFI/.rvm/gems/ruby-2.2.0-preview2@graymd_craigslist_item_tracker/gems/actionpack-4.2.0/lib/action_dispatch/middleware/templates/rescues/_source.erb (4.3ms)
  Rendered /Users/MGCFI/.rvm/gems/ruby-2.2.0-preview2@graymd_craigslist_item_tracker/gems/actionpack-4.2.0/lib/action_dispatch/middleware/templates/rescues/_trace.html.erb (1.9ms)
  Rendered /Users/MGCFI/.rvm/gems/ruby-2.2.0-preview2@graymd_craigslist_item_tracker/gems/actionpack-4.2.0/lib/action_dispatch/middleware/templates/rescues/_request_and_response.html.erb (1.0ms)
  Rendered /Users/MGCFI/.rvm/gems/ruby-2.2.0-preview2@graymd_craigslist_item_tracker/gems/actionpack-4.2.0/lib/action_dispatch/middleware/templates/rescues/diagnostics.html.erb within rescues/layout (511.9ms)
  Rendered /Users/MGCFI/.rvm/gems/ruby-2.2.0-preview2@graymd_craigslist_item_tracker/gems/web-console-2.1.0/lib/web_console/templates/_markup.html (0.4ms)
  Rendered /Users/MGCFI/.rvm/gems/ruby-2.2.0-preview2@graymd_craigslist_item_tracker/gems/web-console-2.1.0/lib/web_console/templates/style.css within layouts/inlined_string (0.4ms)
  Rendered /Users/MGCFI/.rvm/gems/ruby-2.2.0-preview2@graymd_craigslist_item_tracker/gems/web-console-2.1.0/lib/web_console/templates/_inner_console_markup.html within layouts/inlined_string (0.3ms)
  Rendered /Users/MGCFI/.rvm/gems/ruby-2.2.0-preview2@graymd_craigslist_item_tracker/gems/web-console-2.1.0/lib/web_console/templates/_prompt_box_markup.html within layouts/inlined_string (0.3ms)
  Rendered /Users/MGCFI/.rvm/gems/ruby-2.2.0-preview2@graymd_craigslist_item_tracker/gems/web-console-2.1.0/lib/web_console/templates/console.js within layouts/javascript (480.6ms)
  Rendered /Users/MGCFI/.rvm/gems/ruby-2.2.0-preview2@graymd_craigslist_item_tracker/gems/web-console-2.1.0/lib/web_console/templates/main.js within layouts/javascript (0.5ms)
  Rendered /Users/MGCFI/.rvm/gems/ruby-2.2.0-preview2@graymd_craigslist_item_tracker/gems/web-console-2.1.0/lib/web_console/templates/error_page.js within layouts/javascript (0.4ms)
  Rendered /Users/MGCFI/.rvm/gems/ruby-2.2.0-preview2@graymd_craigslist_item_tracker/gems/web-console-2.1.0/lib/web_console/templates/index.html (1110.7ms)
  [1m[36m (25.5ms)[0m  [1mCREATE TABLE `schema_migrations` (`version` varchar(255) NOT NULL) ENGINE=InnoDB[0m
  [1m[35m (28.4ms)[0m  CREATE UNIQUE INDEX `unique_schema_migrations`  ON `schema_migrations` (`version`) 
  [1m[36mActiveRecord::SchemaMigration Load (0.2ms)[0m  [1mSELECT `schema_migrations`.* FROM `schema_migrations`[0m


Started GET "/" for ::1 at 2015-03-04 13:01:22 -0500
Processing by Rails::WelcomeController#index as HTML
  Rendered /Users/MGCFI/.rvm/gems/ruby-2.2.0-preview2@graymd_craigslist_item_tracker/gems/railties-4.2.0/lib/rails/templates/rails/welcome/index.html.erb (1.7ms)
Completed 200 OK in 23ms (Views: 22.8ms | ActiveRecord: 0.0ms)


Started GET "/" for ::1 at 2015-03-04 13:02:34 -0500
Processing by Rails::WelcomeController#index as HTML
  Rendered /Users/MGCFI/.rvm/gems/ruby-2.2.0-preview2@graymd_craigslist_item_tracker/gems/railties-4.2.0/lib/rails/templates/rails/welcome/index.html.erb (0.1ms)
Completed 200 OK in 18ms (Views: 18.0ms | ActiveRecord: 0.0ms)


Started GET "/" for ::1 at 2015-03-04 13:13:21 -0500
Processing by Rails::WelcomeController#index as HTML
  Rendered /Users/MGCFI/.rvm/gems/ruby-2.2.0-preview2@graymd_craigslist_item_tracker/gems/railties-4.2.0/lib/rails/templates/rails/welcome/index.html.erb (0.1ms)
Completed 200 OK in 14ms (Views: 14.3ms | ActiveRecord: 0.0ms)


Started GET "/" for ::1 at 2015-03-04 13:13:23 -0500
Processing by Rails::WelcomeController#index as HTML
  Rendered /Users/MGCFI/.rvm/gems/ruby-2.2.0-preview2@graymd_craigslist_item_tracker/gems/railties-4.2.0/lib/rails/templates/rails/welcome/index.html.erb (0.1ms)
Completed 200 OK in 15ms (Views: 14.9ms | ActiveRecord: 0.0ms)


Started GET "/" for ::1 at 2015-03-04 13:15:21 -0500
Processing by Rails::WelcomeController#index as HTML
  Rendered /Users/MGCFI/.rvm/gems/ruby-2.2.0-preview2@graymd_craigslist_item_tracker/gems/railties-4.2.0/lib/rails/templates/rails/welcome/index.html.erb (0.1ms)
Completed 200 OK in 15ms (Views: 15.3ms | ActiveRecord: 0.0ms)


Started GET "/" for ::1 at 2015-03-04 13:16:47 -0500
Processing by Rails::WelcomeController#index as HTML
  Rendered /Users/MGCFI/.rvm/gems/ruby-2.2.0-preview2@graymd_craigslist_item_tracker/gems/railties-4.2.0/lib/rails/templates/rails/welcome/index.html.erb (0.1ms)
Completed 200 OK in 15ms (Views: 14.5ms | ActiveRecord: 0.0ms)


Started GET "/" for ::1 at 2015-03-04 13:17:19 -0500
Processing by Rails::WelcomeController#index as HTML
  Rendered /Users/MGCFI/.rvm/gems/ruby-2.2.0-preview2@graymd_craigslist_item_tracker/gems/railties-4.2.0/lib/rails/templates/rails/welcome/index.html.erb (0.1ms)
Completed 200 OK in 18ms (Views: 17.5ms | ActiveRecord: 0.0ms)


Started GET "/" for ::1 at 2015-03-04 13:17:44 -0500
DEPRECATION WARNING: Defining a route where `to` is a controller without an action is deprecated. Please change `to: :welcome/index` to `controller: :welcome/index`. (called from block in <top (required)> at /Users/MGCFI/projects/week9/day3_angular_templating_controllers_routing_promises/craigslist_item_tracker/config/routes.rb:2)

ArgumentError (Missing :action key on routes definition, please check your routes.):
  config/routes.rb:2:in `block in <top (required)>'
  config/routes.rb:1:in `<top (required)>'


  Rendered /Users/MGCFI/.rvm/gems/ruby-2.2.0-preview2@graymd_craigslist_item_tracker/gems/actionpack-4.2.0/lib/action_dispatch/middleware/templates/rescues/_source.erb (5.6ms)
  Rendered /Users/MGCFI/.rvm/gems/ruby-2.2.0-preview2@graymd_craigslist_item_tracker/gems/actionpack-4.2.0/lib/action_dispatch/middleware/templates/rescues/_trace.html.erb (2.3ms)
  Rendered /Users/MGCFI/.rvm/gems/ruby-2.2.0-preview2@graymd_craigslist_item_tracker/gems/actionpack-4.2.0/lib/action_dispatch/middleware/templates/rescues/_request_and_response.html.erb (0.9ms)
  Rendered /Users/MGCFI/.rvm/gems/ruby-2.2.0-preview2@graymd_craigslist_item_tracker/gems/actionpack-4.2.0/lib/action_dispatch/middleware/templates/rescues/diagnostics.html.erb within rescues/layout (510.6ms)
  Rendered /Users/MGCFI/.rvm/gems/ruby-2.2.0-preview2@graymd_craigslist_item_tracker/gems/web-console-2.1.0/lib/web_console/templates/_markup.html (0.4ms)
  Rendered /Users/MGCFI/.rvm/gems/ruby-2.2.0-preview2@graymd_craigslist_item_tracker/gems/web-console-2.1.0/lib/web_console/templates/style.css within layouts/inlined_string (0.4ms)
  Rendered /Users/MGCFI/.rvm/gems/ruby-2.2.0-preview2@graymd_craigslist_item_tracker/gems/web-console-2.1.0/lib/web_console/templates/_inner_console_markup.html within layouts/inlined_string (0.4ms)
  Rendered /Users/MGCFI/.rvm/gems/ruby-2.2.0-preview2@graymd_craigslist_item_tracker/gems/web-console-2.1.0/lib/web_console/templates/_prompt_box_markup.html within layouts/inlined_string (0.4ms)
  Rendered /Users/MGCFI/.rvm/gems/ruby-2.2.0-preview2@graymd_craigslist_item_tracker/gems/web-console-2.1.0/lib/web_console/templates/console.js within layouts/javascript (480.0ms)
  Rendered /Users/MGCFI/.rvm/gems/ruby-2.2.0-preview2@graymd_craigslist_item_tracker/gems/web-console-2.1.0/lib/web_console/templates/main.js within layouts/javascript (0.4ms)
  Rendered /Users/MGCFI/.rvm/gems/ruby-2.2.0-preview2@graymd_craigslist_item_tracker/gems/web-console-2.1.0/lib/web_console/templates/error_page.js within layouts/javascript (0.4ms)
  Rendered /Users/MGCFI/.rvm/gems/ruby-2.2.0-preview2@graymd_craigslist_item_tracker/gems/web-console-2.1.0/lib/web_console/templates/index.html (1115.4ms)


Started GET "/" for ::1 at 2015-03-04 13:17:58 -0500
Processing by WelcomeController#index as HTML
  Rendered welcome/index.html.haml within layouts/application (1.2ms)
Completed 200 OK in 258ms (Views: 257.2ms | ActiveRecord: 0.0ms)


Started GET "/" for ::1 at 2015-03-04 13:19:05 -0500
Processing by WelcomeController#index as HTML
  Rendered welcome/index.html.haml within layouts/application (0.1ms)
Completed 200 OK in 56ms (Views: 56.2ms | ActiveRecord: 0.0ms)


Started GET "/" for ::1 at 2015-03-04 13:25:46 -0500
Processing by WelcomeController#index as HTML
  Rendered welcome/index.html.haml within layouts/application (0.1ms)
Completed 200 OK in 114ms (Views: 114.3ms | ActiveRecord: 0.0ms)
  [1m[36mActiveRecord::SchemaMigration Load (0.2ms)[0m  [1mSELECT `schema_migrations`.* FROM `schema_migrations`[0m
Migrating to CreateItems (20150304183912)
  [1m[35m (34.0ms)[0m  CREATE TABLE `items` (`id` int(11) auto_increment PRIMARY KEY, `name` varchar(255), `description` text, `expected_sales_price` varchar(255), `actual_sales_price` varchar(255), `marketplace` varchar(255), `created_at` datetime NOT NULL, `updated_at` datetime NOT NULL) ENGINE=InnoDB
  [1m[36m (6.0ms)[0m  [1mBEGIN[0m
  [1m[35mSQL (31.2ms)[0m  INSERT INTO `schema_migrations` (`version`) VALUES ('20150304183912')
  [1m[36m (0.4ms)[0m  [1mCOMMIT[0m
  [1m[35mActiveRecord::SchemaMigration Load (0.2ms)[0m  SELECT `schema_migrations`.* FROM `schema_migrations`
  [1m[36m (32.7ms)[0m  [1mSELECT fk.referenced_table_name as 'to_table'
      ,fk.referenced_column_name as 'primary_key'
      ,fk.column_name as 'column'
      ,fk.constraint_name as 'name'
FROM information_schema.key_column_usage fk
WHERE fk.referenced_column_name is not null
  AND fk.table_schema = 'craigslist_item_tracker_development'
  AND fk.table_name = 'items'
[0m
  [1m[35m (0.2ms)[0m  SHOW CREATE TABLE `items`


Started GET "/" for ::1 at 2015-03-04 13:46:17 -0500
  [1m[36mActiveRecord::SchemaMigration Load (0.3ms)[0m  [1mSELECT `schema_migrations`.* FROM `schema_migrations`[0m
Processing by WelcomeController#index as HTML
  Rendered welcome/index.html.haml within layouts/application (0.1ms)
Completed 200 OK in 65ms (Views: 64.3ms | ActiveRecord: 0.0ms)


Started GET "/" for ::1 at 2015-03-04 13:46:58 -0500
Processing by WelcomeController#index as HTML
  Rendered welcome/index.html.haml within layouts/application (0.1ms)
Completed 200 OK in 62ms (Views: 61.8ms | ActiveRecord: 0.0ms)
  [1m[36m (0.3ms)[0m  [1mBEGIN[0m
  [1m[35m (0.2ms)[0m  ROLLBACK


Started GET "/" for ::1 at 2015-03-04 16:00:03 -0500
Processing by WelcomeController#index as HTML
  Rendered welcome/index.html.haml within layouts/application (0.1ms)
Completed 200 OK in 211ms (Views: 210.3ms | ActiveRecord: 0.0ms)


Started GET "/" for ::1 at 2015-03-04 16:01:56 -0500
Processing by WelcomeController#index as HTML
  Rendered welcome/index.html.haml within layouts/application (0.2ms)
Completed 500 Internal Server Error in 93ms

ActionView::Template::Error (couldn't find file 'underscore.min'
  (in /Users/MGCFI/projects/week9/day3_angular_templating_controllers_routing_promises/craigslist_item_tracker/app/assets/javascripts/application.js:17)):
    3: <head>
    4:   <title>CraigslistItemTracker</title>
    5:   <%= stylesheet_link_tag    'application', media: 'all' %>
    6:   <%= javascript_include_tag 'application' %>
    7:   <%= csrf_meta_tags %>
    8: </head>
    9: <body>
  app/views/layouts/application.html.erb:6:in `_app_views_layouts_application_html_erb___276474679205704659_70300967073640'


  Rendered /Users/MGCFI/.rvm/gems/ruby-2.2.0-preview2@graymd_craigslist_item_tracker/gems/actionpack-4.2.0/lib/action_dispatch/middleware/templates/rescues/_source.erb (10.4ms)
  Rendered /Users/MGCFI/.rvm/gems/ruby-2.2.0-preview2@graymd_craigslist_item_tracker/gems/actionpack-4.2.0/lib/action_dispatch/middleware/templates/rescues/_trace.html.erb (4.0ms)
  Rendered /Users/MGCFI/.rvm/gems/ruby-2.2.0-preview2@graymd_craigslist_item_tracker/gems/actionpack-4.2.0/lib/action_dispatch/middleware/templates/rescues/_request_and_response.html.erb (1.8ms)
  Rendered /Users/MGCFI/.rvm/gems/ruby-2.2.0-preview2@graymd_craigslist_item_tracker/gems/actionpack-4.2.0/lib/action_dispatch/middleware/templates/rescues/template_error.html.erb within rescues/layout (564.3ms)
  Rendered /Users/MGCFI/.rvm/gems/ruby-2.2.0-preview2@graymd_craigslist_item_tracker/gems/web-console-2.1.0/lib/web_console/templates/_markup.html (0.9ms)
  Rendered /Users/MGCFI/.rvm/gems/ruby-2.2.0-preview2@graymd_craigslist_item_tracker/gems/web-console-2.1.0/lib/web_console/templates/style.css within layouts/inlined_string (0.7ms)
  Rendered /Users/MGCFI/.rvm/gems/ruby-2.2.0-preview2@graymd_craigslist_item_tracker/gems/web-console-2.1.0/lib/web_console/templates/_inner_console_markup.html within layouts/inlined_string (0.4ms)
  Rendered /Users/MGCFI/.rvm/gems/ruby-2.2.0-preview2@graymd_craigslist_item_tracker/gems/web-console-2.1.0/lib/web_console/templates/_prompt_box_markup.html within layouts/inlined_string (0.4ms)
  Rendered /Users/MGCFI/.rvm/gems/ruby-2.2.0-preview2@graymd_craigslist_item_tracker/gems/web-console-2.1.0/lib/web_console/templates/console.js within layouts/javascript (491.9ms)
  Rendered /Users/MGCFI/.rvm/gems/ruby-2.2.0-preview2@graymd_craigslist_item_tracker/gems/web-console-2.1.0/lib/web_console/templates/main.js within layouts/javascript (0.4ms)
  Rendered /Users/MGCFI/.rvm/gems/ruby-2.2.0-preview2@graymd_craigslist_item_tracker/gems/web-console-2.1.0/lib/web_console/templates/error_page.js within layouts/javascript (0.5ms)
  Rendered /Users/MGCFI/.rvm/gems/ruby-2.2.0-preview2@graymd_craigslist_item_tracker/gems/web-console-2.1.0/lib/web_console/templates/index.html (1133.1ms)


Started GET "/" for ::1 at 2015-03-04 16:01:59 -0500
Processing by WelcomeController#index as HTML
  Rendered welcome/index.html.haml within layouts/application (0.1ms)
Completed 500 Internal Server Error in 69ms

ActionView::Template::Error (couldn't find file 'underscore.min'
  (in /Users/MGCFI/projects/week9/day3_angular_templating_controllers_routing_promises/craigslist_item_tracker/app/assets/javascripts/application.js:17)):
    3: <head>
    4:   <title>CraigslistItemTracker</title>
    5:   <%= stylesheet_link_tag    'application', media: 'all' %>
    6:   <%= javascript_include_tag 'application' %>
    7:   <%= csrf_meta_tags %>
    8: </head>
    9: <body>
  app/views/layouts/application.html.erb:6:in `_app_views_layouts_application_html_erb___276474679205704659_70300967073640'


  Rendered /Users/MGCFI/.rvm/gems/ruby-2.2.0-preview2@graymd_craigslist_item_tracker/gems/actionpack-4.2.0/lib/action_dispatch/middleware/templates/rescues/_source.erb (8.9ms)
  Rendered /Users/MGCFI/.rvm/gems/ruby-2.2.0-preview2@graymd_craigslist_item_tracker/gems/actionpack-4.2.0/lib/action_dispatch/middleware/templates/rescues/_trace.html.erb (3.6ms)
  Rendered /Users/MGCFI/.rvm/gems/ruby-2.2.0-preview2@graymd_craigslist_item_tracker/gems/actionpack-4.2.0/lib/action_dispatch/middleware/templates/rescues/_request_and_response.html.erb (1.4ms)
  Rendered /Users/MGCFI/.rvm/gems/ruby-2.2.0-preview2@graymd_craigslist_item_tracker/gems/actionpack-4.2.0/lib/action_dispatch/middleware/templates/rescues/template_error.html.erb within rescues/layout (508.5ms)
  Rendered /Users/MGCFI/.rvm/gems/ruby-2.2.0-preview2@graymd_craigslist_item_tracker/gems/web-console-2.1.0/lib/web_console/templates/_markup.html (0.8ms)
  Rendered /Users/MGCFI/.rvm/gems/ruby-2.2.0-preview2@graymd_craigslist_item_tracker/gems/web-console-2.1.0/lib/web_console/templates/style.css within layouts/inlined_string (0.4ms)
  Rendered /Users/MGCFI/.rvm/gems/ruby-2.2.0-preview2@graymd_craigslist_item_tracker/gems/web-console-2.1.0/lib/web_console/templates/_inner_console_markup.html within layouts/inlined_string (0.3ms)
  Rendered /Users/MGCFI/.rvm/gems/ruby-2.2.0-preview2@graymd_craigslist_item_tracker/gems/web-console-2.1.0/lib/web_console/templates/_prompt_box_markup.html within layouts/inlined_string (0.6ms)
  Rendered /Users/MGCFI/.rvm/gems/ruby-2.2.0-preview2@graymd_craigslist_item_tracker/gems/web-console-2.1.0/lib/web_console/templates/console.js within layouts/javascript (480.8ms)
  Rendered /Users/MGCFI/.rvm/gems/ruby-2.2.0-preview2@graymd_craigslist_item_tracker/gems/web-console-2.1.0/lib/web_console/templates/main.js within layouts/javascript (0.4ms)
  Rendered /Users/MGCFI/.rvm/gems/ruby-2.2.0-preview2@graymd_craigslist_item_tracker/gems/web-console-2.1.0/lib/web_console/templates/error_page.js within layouts/javascript (0.5ms)
  Rendered /Users/MGCFI/.rvm/gems/ruby-2.2.0-preview2@graymd_craigslist_item_tracker/gems/web-console-2.1.0/lib/web_console/templates/index.html (1093.4ms)


Started GET "/" for ::1 at 2015-03-04 16:02:43 -0500
Processing by WelcomeController#index as HTML
  Rendered welcome/index.html.haml within layouts/application (0.2ms)
Completed 500 Internal Server Error in 69ms

ActionView::Template::Error (wrong number of arguments (0 for 1)
  (in /Users/MGCFI/projects/week9/day3_angular_templating_controllers_routing_promises/craigslist_item_tracker/app/assets/javascripts/application.js:18)):
    3: <head>
    4:   <title>CraigslistItemTracker</title>
    5:   <%= stylesheet_link_tag    'application', media: 'all' %>
    6:   <%= javascript_include_tag 'application' %>
    7:   <%= csrf_meta_tags %>
    8: </head>
    9: <body>
  app/views/layouts/application.html.erb:6:in `_app_views_layouts_application_html_erb___276474679205704659_70300967073640'


  Rendered /Users/MGCFI/.rvm/gems/ruby-2.2.0-preview2@graymd_craigslist_item_tracker/gems/actionpack-4.2.0/lib/action_dispatch/middleware/templates/rescues/_source.erb (8.7ms)
  Rendered /Users/MGCFI/.rvm/gems/ruby-2.2.0-preview2@graymd_craigslist_item_tracker/gems/actionpack-4.2.0/lib/action_dispatch/middleware/templates/rescues/_trace.html.erb (3.5ms)
  Rendered /Users/MGCFI/.rvm/gems/ruby-2.2.0-preview2@graymd_craigslist_item_tracker/gems/actionpack-4.2.0/lib/action_dispatch/middleware/templates/rescues/_request_and_response.html.erb (1.5ms)
  Rendered /Users/MGCFI/.rvm/gems/ruby-2.2.0-preview2@graymd_craigslist_item_tracker/gems/actionpack-4.2.0/lib/action_dispatch/middleware/templates/rescues/template_error.html.erb within rescues/layout (517.8ms)
  Rendered /Users/MGCFI/.rvm/gems/ruby-2.2.0-preview2@graymd_craigslist_item_tracker/gems/web-console-2.1.0/lib/web_console/templates/_markup.html (0.5ms)
  Rendered /Users/MGCFI/.rvm/gems/ruby-2.2.0-preview2@graymd_craigslist_item_tracker/gems/web-console-2.1.0/lib/web_console/templates/style.css within layouts/inlined_string (0.4ms)
  Rendered /Users/MGCFI/.rvm/gems/ruby-2.2.0-preview2@graymd_craigslist_item_tracker/gems/web-console-2.1.0/lib/web_console/templates/_inner_console_markup.html within layouts/inlined_string (0.4ms)
  Rendered /Users/MGCFI/.rvm/gems/ruby-2.2.0-preview2@graymd_craigslist_item_tracker/gems/web-console-2.1.0/lib/web_console/templates/_prompt_box_markup.html within layouts/inlined_string (0.3ms)
  Rendered /Users/MGCFI/.rvm/gems/ruby-2.2.0-preview2@graymd_craigslist_item_tracker/gems/web-console-2.1.0/lib/web_console/templates/console.js within layouts/javascript (482.4ms)
  Rendered /Users/MGCFI/.rvm/gems/ruby-2.2.0-preview2@graymd_craigslist_item_tracker/gems/web-console-2.1.0/lib/web_console/templates/main.js within layouts/javascript (0.4ms)
  Rendered /Users/MGCFI/.rvm/gems/ruby-2.2.0-preview2@graymd_craigslist_item_tracker/gems/web-console-2.1.0/lib/web_console/templates/error_page.js within layouts/javascript (0.7ms)
  Rendered /Users/MGCFI/.rvm/gems/ruby-2.2.0-preview2@graymd_craigslist_item_tracker/gems/web-console-2.1.0/lib/web_console/templates/index.html (1101.8ms)


Started GET "/" for ::1 at 2015-03-04 16:04:35 -0500
Processing by WelcomeController#index as HTML
  Rendered welcome/index.html.haml within layouts/application (0.1ms)
Completed 500 Internal Server Error in 82ms

ActionView::Template::Error (wrong number of arguments (0 for 1)
  (in /Users/MGCFI/projects/week9/day3_angular_templating_controllers_routing_promises/craigslist_item_tracker/app/assets/javascripts/application.js:18)):
    3: <head>
    4:   <title>CraigslistItemTracker</title>
    5:   <%= stylesheet_link_tag 'application', media: 'all' %>
    6:   <%= javascript_include_tag 'application' %>
    7:   <%= csrf_meta_tags %>
    8: </head>
    9: <body>
  app/views/layouts/application.html.erb:6:in `_app_views_layouts_application_html_erb___276474679205704659_70300967223220'


  Rendered /Users/MGCFI/.rvm/gems/ruby-2.2.0-preview2@graymd_craigslist_item_tracker/gems/actionpack-4.2.0/lib/action_dispatch/middleware/templates/rescues/_source.erb (13.8ms)
  Rendered /Users/MGCFI/.rvm/gems/ruby-2.2.0-preview2@graymd_craigslist_item_tracker/gems/actionpack-4.2.0/lib/action_dispatch/middleware/templates/rescues/_trace.html.erb (3.8ms)
  Rendered /Users/MGCFI/.rvm/gems/ruby-2.2.0-preview2@graymd_craigslist_item_tracker/gems/actionpack-4.2.0/lib/action_dispatch/middleware/templates/rescues/_request_and_response.html.erb (1.5ms)
  Rendered /Users/MGCFI/.rvm/gems/ruby-2.2.0-preview2@graymd_craigslist_item_tracker/gems/actionpack-4.2.0/lib/action_dispatch/middleware/templates/rescues/template_error.html.erb within rescues/layout (536.2ms)
  Rendered /Users/MGCFI/.rvm/gems/ruby-2.2.0-preview2@graymd_craigslist_item_tracker/gems/web-console-2.1.0/lib/web_console/templates/_markup.html (0.9ms)
  Rendered /Users/MGCFI/.rvm/gems/ruby-2.2.0-preview2@graymd_craigslist_item_tracker/gems/web-console-2.1.0/lib/web_console/templates/style.css within layouts/inlined_string (0.4ms)
  Rendered /Users/MGCFI/.rvm/gems/ruby-2.2.0-preview2@graymd_craigslist_item_tracker/gems/web-console-2.1.0/lib/web_console/templates/_inner_console_markup.html within layouts/inlined_string (0.4ms)
  Rendered /Users/MGCFI/.rvm/gems/ruby-2.2.0-preview2@graymd_craigslist_item_tracker/gems/web-console-2.1.0/lib/web_console/templates/_prompt_box_markup.html within layouts/inlined_string (0.4ms)
  Rendered /Users/MGCFI/.rvm/gems/ruby-2.2.0-preview2@graymd_craigslist_item_tracker/gems/web-console-2.1.0/lib/web_console/templates/console.js within layouts/javascript (502.3ms)
  Rendered /Users/MGCFI/.rvm/gems/ruby-2.2.0-preview2@graymd_craigslist_item_tracker/gems/web-console-2.1.0/lib/web_console/templates/main.js within layouts/javascript (0.4ms)
  Rendered /Users/MGCFI/.rvm/gems/ruby-2.2.0-preview2@graymd_craigslist_item_tracker/gems/web-console-2.1.0/lib/web_console/templates/error_page.js within layouts/javascript (0.5ms)
  Rendered /Users/MGCFI/.rvm/gems/ruby-2.2.0-preview2@graymd_craigslist_item_tracker/gems/web-console-2.1.0/lib/web_console/templates/index.html (1156.9ms)


Started GET "/" for ::1 at 2015-03-04 16:05:25 -0500
Processing by WelcomeController#index as HTML
  Rendered welcome/index.html.haml within layouts/application (0.2ms)
Completed 200 OK in 155ms (Views: 154.5ms | ActiveRecord: 0.0ms)


Started GET "/" for ::1 at 2015-03-04 16:18:59 -0500
Processing by WelcomeController#index as HTML
  Rendered welcome/index.html.haml within layouts/application (0.1ms)
Completed 200 OK in 142ms (Views: 141.7ms | ActiveRecord: 0.0ms)


Started GET "/" for ::1 at 2015-03-04 16:22:54 -0500
Processing by WelcomeController#index as HTML
  Rendered welcome/index.html.haml within layouts/application (0.1ms)
Completed 200 OK in 148ms (Views: 147.9ms | ActiveRecord: 0.0ms)


Started GET "/" for ::1 at 2015-03-04 16:44:33 -0500
Processing by WelcomeController#index as HTML
  Rendered welcome/index.html.haml within layouts/application (1.8ms)
Completed 200 OK in 181ms (Views: 180.7ms | ActiveRecord: 0.0ms)


Started GET "/" for ::1 at 2015-03-04 16:46:40 -0500
Processing by WelcomeController#index as HTML
  Rendered welcome/index.html.haml within layouts/application (0.3ms)
Completed 200 OK in 144ms (Views: 144.3ms | ActiveRecord: 0.0ms)


Started GET "/" for ::1 at 2015-03-04 16:46:43 -0500
Processing by WelcomeController#index as HTML
  Rendered welcome/index.html.haml within layouts/application (0.2ms)
Completed 200 OK in 100ms (Views: 99.4ms | ActiveRecord: 0.0ms)


Started GET "/" for ::1 at 2015-03-04 16:48:11 -0500
Processing by WelcomeController#index as HTML
  Rendered welcome/index.html.haml within layouts/application (0.3ms)
Completed 200 OK in 129ms (Views: 128.4ms | ActiveRecord: 0.0ms)


Started GET "/" for ::1 at 2015-03-04 16:52:32 -0500
Processing by WelcomeController#index as HTML
  Rendered welcome/index.html.haml within layouts/application (0.2ms)
Completed 200 OK in 174ms (Views: 173.6ms | ActiveRecord: 0.0ms)


Started GET "/" for ::1 at 2015-03-04 16:54:00 -0500
Processing by WelcomeController#index as HTML
  Rendered welcome/index.html.haml within layouts/application (0.2ms)
Completed 200 OK in 149ms (Views: 148.6ms | ActiveRecord: 0.0ms)


Started GET "/" for ::1 at 2015-03-04 16:56:51 -0500
Processing by WelcomeController#index as HTML
  Rendered welcome/index.html.haml within layouts/application (0.2ms)
Completed 200 OK in 130ms (Views: 130.2ms | ActiveRecord: 0.0ms)


Started GET "/" for ::1 at 2015-03-04 16:59:13 -0500
Processing by WelcomeController#index as HTML
  Rendered welcome/index.html.haml within layouts/application (0.1ms)
Completed 200 OK in 144ms (Views: 144.4ms | ActiveRecord: 0.0ms)


Started GET "/" for ::1 at 2015-03-04 16:59:33 -0500
Processing by WelcomeController#index as HTML
  Rendered welcome/index.html.haml within layouts/application (0.2ms)
Completed 200 OK in 141ms (Views: 140.7ms | ActiveRecord: 0.0ms)


Started GET "/" for ::1 at 2015-03-04 16:59:56 -0500
Processing by WelcomeController#index as HTML
  Rendered welcome/index.html.haml within layouts/application (0.2ms)
Completed 200 OK in 133ms (Views: 132.6ms | ActiveRecord: 0.0ms)


Started GET "/" for ::1 at 2015-03-04 17:00:28 -0500
Processing by WelcomeController#index as HTML
  Rendered welcome/index.html.haml within layouts/application (0.2ms)
Completed 200 OK in 137ms (Views: 136.6ms | ActiveRecord: 0.0ms)


Started GET "/" for ::1 at 2015-03-04 17:01:18 -0500
  [1m[36mActiveRecord::SchemaMigration Load (0.2ms)[0m  [1mSELECT `schema_migrations`.* FROM `schema_migrations`[0m
Processing by WelcomeController#index as HTML
  Rendered welcome/index.html.haml within layouts/application (3.0ms)
Completed 200 OK in 186ms (Views: 185.8ms | ActiveRecord: 0.0ms)


Started GET "/" for ::1 at 2015-03-04 17:02:10 -0500
Processing by WelcomeController#index as HTML
  Rendered welcome/index.html.haml within layouts/application (0.2ms)
Completed 200 OK in 115ms (Views: 114.8ms | ActiveRecord: 0.0ms)


Started GET "/" for ::1 at 2015-03-04 17:03:34 -0500
Processing by WelcomeController#index as HTML
  Rendered welcome/index.html.haml within layouts/application (0.2ms)
Completed 200 OK in 120ms (Views: 119.8ms | ActiveRecord: 0.0ms)


Started GET "/" for ::1 at 2015-03-04 17:03:57 -0500
Processing by WelcomeController#index as HTML
  Rendered welcome/index.html.haml within layouts/application (0.3ms)
Completed 200 OK in 116ms (Views: 115.8ms | ActiveRecord: 0.0ms)


Started GET "/" for ::1 at 2015-03-04 17:05:42 -0500
Processing by WelcomeController#index as HTML
  Rendered welcome/index.html.haml within layouts/application (0.2ms)
Completed 200 OK in 191ms (Views: 190.9ms | ActiveRecord: 0.0ms)


Started GET "/" for ::1 at 2015-03-04 17:06:24 -0500
Processing by WelcomeController#index as HTML
  Rendered welcome/index.html.haml within layouts/application (0.2ms)
Completed 200 OK in 99ms (Views: 98.8ms | ActiveRecord: 0.0ms)


Started GET "/" for ::1 at 2015-03-04 17:06:33 -0500
Processing by WelcomeController#index as HTML
  Rendered welcome/index.html.haml within layouts/application (0.2ms)
Completed 200 OK in 109ms (Views: 108.7ms | ActiveRecord: 0.0ms)
